Determining if the pthread_create exist failed with the following output:
Change Dir: /home/arslan/Project/IndividualProject_2020_Arslan-Nazir/catkin_ws/build/CMakeFiles/CMakeTmp

Run Build Command:"/usr/bin/make" "cmTC_19dc7/fast"
/usr/bin/make -f CMakeFiles/cmTC_19dc7.dir/build.make CMakeFiles/cmTC_19dc7.dir/build
make[1]: Entering directory '/home/arslan/Project/IndividualProject_2020_Arslan-Nazir/catkin_ws/build/CMakeFiles/CMakeTmp'
Building C object CMakeFiles/cmTC_19dc7.dir/CheckSymbolExists.c.o
/usr/bin/cc     -o CMakeFiles/cmTC_19dc7.dir/CheckSymbolExists.c.o   -c /home/arslan/Project/IndividualProject_2020_Arslan-Nazir/catkin_ws/build/CMakeFiles/CMakeTmp/CheckSymbolExists.c
Linking C executable cmTC_19dc7
/usr/bin/cmake -E cmake_link_script CMakeFiles/cmTC_19dc7.dir/link.txt --verbose=1
/usr/bin/cc       CMakeFiles/cmTC_19dc7.dir/CheckSymbolExists.c.o  -o cmTC_19dc7 -rdynamic 
CMakeFiles/cmTC_19dc7.dir/CheckSymbolExists.c.o: In function `main':
CheckSymbolExists.c:(.text+0x16): undefined reference to `pthread_create'
collect2: error: ld returned 1 exit status
CMakeFiles/cmTC_19dc7.dir/build.make:97: recipe for target 'cmTC_19dc7' failed
make[1]: *** [cmTC_19dc7] Error 1
make[1]: Leaving directory '/home/arslan/Project/IndividualProject_2020_Arslan-Nazir/catkin_ws/build/CMakeFiles/CMakeTmp'
Makefile:126: recipe for target 'cmTC_19dc7/fast' failed
make: *** [cmTC_19dc7/fast] Error 2

File /home/arslan/Project/IndividualProject_2020_Arslan-Nazir/catkin_ws/build/CMakeFiles/CMakeTmp/CheckSymbolExists.c:
/* */
#include <pthread.h>

int main(int argc, char** argv)
{
  (void)argv;
#ifndef pthread_create
  return ((int*)(&pthread_create))[argc];
#else
  (void)argc;
  return 0;
#endif
}

Determining if the function pthread_create exists in the pthreads failed with the following output:
Change Dir: /home/arslan/Project/IndividualProject_2020_Arslan-Nazir/catkin_ws/build/CMakeFiles/CMakeTmp

Run Build Command:"/usr/bin/make" "cmTC_e113e/fast"
/usr/bin/make -f CMakeFiles/cmTC_e113e.dir/build.make CMakeFiles/cmTC_e113e.dir/build
make[1]: Entering directory '/home/arslan/Project/IndividualProject_2020_Arslan-Nazir/catkin_ws/build/CMakeFiles/CMakeTmp'
Building C object CMakeFiles/cmTC_e113e.dir/CheckFunctionExists.c.o
/usr/bin/cc    -DCHECK_FUNCTION_EXISTS=pthread_create   -o CMakeFiles/cmTC_e113e.dir/CheckFunctionExists.c.o   -c /usr/share/cmake-3.5/Modules/CheckFunctionExists.c
Linking C executable cmTC_e113e
/usr/bin/cmake -E cmake_link_script CMakeFiles/cmTC_e113e.dir/link.txt --verbose=1
/usr/bin/cc   -DCHECK_FUNCTION_EXISTS=pthread_create    CMakeFiles/cmTC_e113e.dir/CheckFunctionExists.c.o  -o cmTC_e113e -rdynamic -lpthreads 
/usr/bin/ld: cannot find -lpthreads
collect2: error: ld returned 1 exit status
CMakeFiles/cmTC_e113e.dir/build.make:97: recipe for target 'cmTC_e113e' failed
make[1]: *** [cmTC_e113e] Error 1
make[1]: Leaving directory '/home/arslan/Project/IndividualProject_2020_Arslan-Nazir/catkin_ws/build/CMakeFiles/CMakeTmp'
Makefile:126: recipe for target 'cmTC_e113e/fast' failed
make: *** [cmTC_e113e/fast] Error 2


